This is LuaTeX, Version 1.07.0 (TeX Live 2018)  (format=lualatex 2018.10.22)  14 APR 2019 14:21
 restricted system commands enabled.
 file:line:error style messages enabled.
**verslag1_master.tex
(./verslag1_master.tex
LaTeX2e <2018-04-01> patch level 2
Lua module: luaotfload-main 2017/01/29 2.80001 OpenType layout system.
Lua module: lualibs 2017-02-01 2.5 ConTeXt Lua standard libraries.
Lua module: lualibs-extended 2017-02-01 2.5 ConTeXt Lua libraries -- extended collection.(using write cache: /Users/Noelle/Library/texlive/2018/texmf-var/luatex-cache/generic)(using read cache: /usr/local/texlive/2018/texmf-var/luatex-cache/generic /Users/Noelle/Library/texlive/2018/texmf-var/luatex-cache/generic)
luaotfload | conf : Root cache directory is /Users/Noelle/Library/texlive/2018/texmf-var/luatex-cache/generic/names.
luaotfload | init : Loading fontloader “fontloader-2017-02-11.lua” from kpse-resolved path “/usr/local/texlive/2018/texmf-dist/tex/luatex/luaotfload/fontloader-2017-02-11.lua”.
Lua-only attribute luaotfload@state = 1
Lua-only attribute luaotfload@noligature = 2
Lua-only attribute luaotfload@syllabe = 3
luaotfload | init : Context OpenType loader version “3.027”
Inserting `luaotfload.node_processor' at position 1 in `pre_linebreak_filter'.
Inserting `luaotfload.node_processor' at position 1 in `hpack_filter'.
Inserting `luaotfload.define_font' at position 1 in `define_font'.
Lua-only attribute luaotfload_color_attribute = 4
luaotfload | conf : Root cache directory is /Users/Noelle/Library/texlive/2018/texmf-var/luatex-cache/generic/names.
Inserting `luaotfload.aux.set_sscale_dimens' at position 1 in `luaotfload.patch_font'.
Inserting `luaotfload.aux.patch_cambria_domh' at position 2 in `luaotfload.patch_font'.
Inserting `luaotfload.aux.fixup_fontdata' at position 1 in `luaotfload.patch_font_unsafe'.
Inserting `luaotfload.aux.set_capheight' at position 3 in `luaotfload.patch_font'.
Inserting `luaotfload.rewrite_fontname' at position 4 in `luaotfload.patch_font'.
luaotfload | main : initialization completed in 0.139 seconds
Babel <3.18> and hyphenation patterns for 1 language(s) loaded.
(/usr/local/texlive/2018/texmf-dist/tex/latex/base/article.cls
Document Class: article 2014/09/29 v1.4h Standard LaTeX document class
(/usr/local/texlive/2018/texmf-dist/tex/latex/base/size10.clo
File: size10.clo 2014/09/29 v1.4h Standard LaTeX file (size option)
luaotfload | db : Font names database loaded from /Users/Noelle/Library/texlive/2018/texmf-var/luatex-cache/generic/names/luaotfload-names.luc(load luc: /Users/Noelle/Library/texlive/2018/texmf-var/luatex-cache/generic/fonts/otl/lmroman10-regular.luc))
\c@part=\count80
\c@section=\count81
\c@subsection=\count82
\c@subsubsection=\count83
\c@paragraph=\count84
\c@subparagraph=\count85
\c@figure=\count86
\c@table=\count87
\abovecaptionskip=\skip41
\belowcaptionskip=\skip42
\bibindent=\dimen102
) (/usr/local/texlive/2018/texmf-dist/tex/latex/graphics/graphicx.sty
Package: graphicx 2017/06/01 v1.1a Enhanced LaTeX Graphics (DPC,SPQR)
 (/usr/local/texlive/2018/texmf-dist/tex/latex/graphics/keyval.sty
Package: keyval 2014/10/28 v1.15 key=value parser (DPC)
\KV@toks@=\toks14
) (/usr/local/texlive/2018/texmf-dist/tex/latex/graphics/graphics.sty
Package: graphics 2017/06/25 v1.2c Standard LaTeX Graphics (DPC,SPQR)
 (/usr/local/texlive/2018/texmf-dist/tex/latex/graphics/trig.sty
Package: trig 2016/01/03 v1.10 sin cos tan (DPC)
) (/usr/local/texlive/2018/texmf-dist/tex/latex/graphics-cfg/graphics.cfg
File: graphics.cfg 2016/06/04 v1.11 sample graphics configuration
)
Package graphics Info: Driver file: luatex.def on input line 99.
 (/usr/local/texlive/2018/texmf-dist/tex/latex/graphics-def/luatex.def
File: luatex.def 2018/01/08 v1.0l Graphics/color driver for luatex
))
\Gin@req@height=\dimen103
\Gin@req@width=\dimen104
) (/usr/local/texlive/2018/texmf-dist/tex/generic/babel/babel.sty
Package: babel 2018/02/14 3.18 The Babel package
 (/usr/local/texlive/2018/texmf-dist/tex/generic/babel/switch.def
File: switch.def 2018/02/14 3.18 Babel switching mechanism
) (/usr/local/texlive/2018/texmf-dist/tex/generic/babel/luababel.def
\l@dumylang=\language2
Package babel Info: Non-standard hyphenation setup on input line 113.
\l@nohyphenation=\language3
\l@german-x-2018-03-31=\language4
\l@ngerman-x-2018-03-31=\language5
\l@afrikaans=\language6
\l@ancientgreek=\language7
\l@ibycus=\language8
\l@arabic=\language9
\l@armenian=\language10
\l@basque=\language11
\l@belarusian=\language12
\l@bulgarian=\language13
\l@catalan=\language14
\l@pinyin=\language15
\l@churchslavonic=\language16
\l@coptic=\language17
\l@croatian=\language18
\l@czech=\language19
\l@danish=\language20
\l@dutch=\language21
\l@ukenglish=\language22
\l@usenglishmax=\language23
\l@esperanto=\language24
\l@estonian=\language25
\l@ethiopic=\language26
\l@farsi=\language27
\l@finnish=\language28
\l@french=\language29
\l@friulan=\language30
\l@galician=\language31
\l@georgian=\language32
\l@german=\language33
\l@ngerman=\language34
\l@swissgerman=\language35
\l@monogreek=\language36
\l@greek=\language37
\l@hungarian=\language38
\l@icelandic=\language39
\l@assamese=\language40
\l@bengali=\language41
\l@gujarati=\language42
\l@hindi=\language43
\l@kannada=\language44
\l@malayalam=\language45
\l@marathi=\language46
\l@oriya=\language47
\l@panjabi=\language48
\l@tamil=\language49
\l@telugu=\language50
\l@indonesian=\language51
\l@interlingua=\language52
\l@irish=\language53
\l@italian=\language54
\l@kurmanji=\language55
\l@latin=\language56
\l@classiclatin=\language57
\l@liturgicallatin=\language58
\l@latvian=\language59
\l@lithuanian=\language60
\l@mongolian=\language61
\l@mongolianlmc=\language62
\l@bokmal=\language63
\l@nynorsk=\language64
\l@occitan=\language65
\l@piedmontese=\language66
\l@polish=\language67
\l@portuguese=\language68
\l@romanian=\language69
\l@romansh=\language70
\l@russian=\language71
\l@sanskrit=\language72
\l@serbian=\language73
\l@serbianc=\language74
\l@slovak=\language75
\l@slovenian=\language76
\l@spanish=\language77
\l@swedish=\language78
\l@thai=\language79
\l@turkish=\language80
\l@turkmen=\language81
\l@ukrainian=\language82
\l@uppersorbian=\language83
\l@welsh=\language84
) (/usr/local/texlive/2018/texmf-dist/tex/generic/babel-dutch/dutch.ldf
Language: dutch 2005/03/30 v3.8i Dutch support from the babel system
 (/usr/local/texlive/2018/texmf-dist/tex/generic/babel/babel.def
File: babel.def 2018/02/14 3.18 Babel common definitions
\babel@savecnt=\count88
\U@D=\dimen105
 (/usr/local/texlive/2018/texmf-dist/tex/generic/babel/luababel.def))
Package babel Info: Making " an active character on input line 132.

(/usr/local/texlive/2018/texmf-dist/tex/generic/hyph-utf8/loadhyph/loadhyph-nl.tex UTF-8 Dutch hyphenation patterns (/usr/local/texlive/2018/texmf-dist/tex/generic/hyph-utf8/patterns/tex/hyph-nl.tex)))) (/usr/local/texlive/2018/texmf-dist/tex/latex/amsfonts/amssymb.sty
Package: amssymb 2013/01/14 v3.01 AMS font symbols
 (/usr/local/texlive/2018/texmf-dist/tex/latex/amsfonts/amsfonts.sty
Package: amsfonts 2013/01/14 v3.01 Basic AMSFonts support
\@emptytoks=\toks15
\symAMSa=\mathgroup4
\symAMSb=\mathgroup5
LaTeX Font Info:    Overwriting math alphabet `\mathfrak' in version `bold'
(Font)                  U/euf/m/n --> U/euf/b/n on input line 106.
)) (./verslag1_master.aux)
\openout1 = verslag1_master.aux

LaTeX Font Info:    Checking defaults for OML/cmm/m/it on input line 6.
LaTeX Font Info:    ... okay on input line 6.
LaTeX Font Info:    Checking defaults for T1/cmr/m/n on input line 6.
LaTeX Font Info:    ... okay on input line 6.
LaTeX Font Info:    Checking defaults for OT1/cmr/m/n on input line 6.
LaTeX Font Info:    ... okay on input line 6.
LaTeX Font Info:    Checking defaults for OMS/cmsy/m/n on input line 6.
LaTeX Font Info:    ... okay on input line 6.
LaTeX Font Info:    Checking defaults for TU/lmr/m/n on input line 6.
LaTeX Font Info:    ... okay on input line 6.
LaTeX Font Info:    Checking defaults for OMX/cmex/m/n on input line 6.
LaTeX Font Info:    ... okay on input line 6.
LaTeX Font Info:    Checking defaults for U/cmr/m/n on input line 6.
LaTeX Font Info:    ... okay on input line 6.
 (/usr/local/texlive/2018/texmf-dist/tex/context/base/mkii/supp-pdf.mkii
[Loading MPS to PDF converter (version 2006.09.02).]
\scratchcounter=\count89
\scratchdimen=\dimen106
\scratchbox=\box26
\nofMPsegments=\count90
\nofMParguments=\count91
\everyMPshowfont=\toks16
\MPscratchCnt=\count92
\MPscratchDim=\dimen107
\MPnumerator=\count93
\makeMPintoPDFobject=\count94
\everyMPtoPDFconversion=\toks17
) (/usr/local/texlive/2018/texmf-dist/tex/latex/oberdiek/epstopdf-base.sty
Package: epstopdf-base 2016/05/15 v2.6 Base part for package epstopdf
 (/usr/local/texlive/2018/texmf-dist/tex/generic/oberdiek/infwarerr.sty
Package: infwarerr 2016/05/16 v1.4 Providing info/warning/error messages (HO)
) (/usr/local/texlive/2018/texmf-dist/tex/latex/oberdiek/grfext.sty
Package: grfext 2016/05/16 v1.2 Manage graphics extensions (HO)
 (/usr/local/texlive/2018/texmf-dist/tex/generic/oberdiek/kvdefinekeys.sty
Package: kvdefinekeys 2016/05/16 v1.4 Define keys (HO)
 (/usr/local/texlive/2018/texmf-dist/tex/generic/oberdiek/ltxcmds.sty
Package: ltxcmds 2016/05/16 v1.23 LaTeX kernel commands for general use (HO)
))) (/usr/local/texlive/2018/texmf-dist/tex/latex/oberdiek/kvoptions.sty
Package: kvoptions 2016/05/16 v3.12 Key value format for package options (HO)
 (/usr/local/texlive/2018/texmf-dist/tex/generic/oberdiek/kvsetkeys.sty
Package: kvsetkeys 2016/05/16 v1.17 Key value parser (HO)
 (/usr/local/texlive/2018/texmf-dist/tex/generic/oberdiek/etexcmds.sty
Package: etexcmds 2016/05/16 v1.6 Avoid name clashes with e-TeX commands (HO)
 (/usr/local/texlive/2018/texmf-dist/tex/generic/oberdiek/ifluatex.sty
Package: ifluatex 2016/05/16 v1.4 Provides the ifluatex switch (HO)
Package ifluatex Info: LuaTeX detected.
)))) (/usr/local/texlive/2018/texmf-dist/tex/generic/oberdiek/pdftexcmds.sty
Package: pdftexcmds 2018/01/30 v0.27 Utility functions of pdfTeX for LuaTeX (HO)
 (/usr/local/texlive/2018/texmf-dist/tex/generic/oberdiek/ifpdf.sty
Package: ifpdf 2017/03/15 v3.2 Provides the ifpdf switch
)
Package pdftexcmds Info: \pdf@primitive is available.
Package pdftexcmds Info: \pdf@ifprimitive is available.
Package pdftexcmds Info: \pdfdraftmode found.
\pdftexcmds@toks=\toks18
)
Package epstopdf-base Info: Redefining graphics rule for `.eps' on input line 438.
Package grfext Info: Graphics extension search list:
(grfext)             [.pdf,.png,.jpg,.mps,.jpeg,.jbig2,.jb2,.PDF,.PNG,.JPG,.JPEG,.JBIG2,.JB2,.eps]
(grfext)             \AppendGraphicsExtensions on input line 456.
 (/usr/local/texlive/2018/texmf-dist/tex/latex/latexconfig/epstopdf-sys.cfg
File: epstopdf-sys.cfg 2010/07/13 v1.3 Configuration of (r)epstopdf for TeX Live
))(load luc: /Users/Noelle/Library/texlive/2018/texmf-var/luatex-cache/generic/fonts/otl/lmsans10-regular.luc)(load luc: /Users/Noelle/Library/texlive/2018/texmf-var/luatex-cache/generic/fonts/otl/lmsans10-bold.luc)
<../resources/logohr.png, id=1, 255.20343pt x 255.20343pt>
File: ../resources/logohr.png Graphic file (type png)
<use ../resources/logohr.png>
Package luatex.def Info: ../resources/logohr.png  used on input line 25.
(luatex.def)             Requested size: 113.81102pt x 113.81244pt.
 [1

{/usr/local/texlive/2018/texmf-var/fonts/map/pdftex/updmap/pdftex.map}<../resources/logohr.png>](load luc: /Users/Noelle/Library/texlive/2018/texmf-var/luatex-cache/generic/fonts/otl/lmroman12-regular.luc)(load luc: /Users/Noelle/Library/texlive/2018/texmf-var/luatex-cache/generic/fonts/otl/lmroman12-bold.luc) (./verslag1_master.toc
LaTeX Font Info:    Try loading font information for U+msa on input line 4.
 (/usr/local/texlive/2018/texmf-dist/tex/latex/amsfonts/umsa.fd
File: umsa.fd 2013/01/14 v3.01 AMS symbols A
)
LaTeX Font Info:    Try loading font information for U+msb on input line 4.
 (/usr/local/texlive/2018/texmf-dist/tex/latex/amsfonts/umsb.fd
File: umsb.fd 2013/01/14 v3.01 AMS symbols B
))
\tf@toc=\write3

\openout3 = verslag1_master.toc
 [1] [2]
LaTeX Font Info:    Font shape `TU/lmss/m/it' in size <10> not available
(Font)              Font shape `TU/lmss/m/sl' tried instead on input line 51.
(load luc: /Users/Noelle/Library/texlive/2018/texmf-var/luatex-cache/generic/fonts/otl/lmsans10-oblique.luc)
Underfull \hbox (badness 10000) in paragraph at lines 51--61

 []


Underfull \hbox (badness 10000) in paragraph at lines 51--61

 []


Underfull \hbox (badness 10000) in paragraph at lines 51--61

 []


Underfull \hbox (badness 10000) in paragraph at lines 51--61

 []


Underfull \hbox (badness 10000) in paragraph at lines 51--61

 []


Underfull \hbox (badness 10000) in paragraph at lines 51--61

 []


Underfull \hbox (badness 10000) in paragraph at lines 51--61

 []


Underfull \hbox (badness 10000) in paragraph at lines 51--61

 []


Underfull \hbox (badness 10000) in paragraph at lines 51--61

 []

[3]
Underfull \hbox (badness 10000) in paragraph at lines 64--67

 []


Underfull \hbox (badness 10000) in paragraph at lines 64--67

 []


Underfull \hbox (badness 10000) in paragraph at lines 64--67

 []

<../resources/fourvariablemodel.png, id=22, 857.2025pt x 520.94624pt>
File: ../resources/fourvariablemodel.png Graphic file (type png)
<use ../resources/fourvariablemodel.png>
Package luatex.def Info: ../resources/fourvariablemodel.png  used on input line 70.
(luatex.def)             Requested size: 300.02536pt x 182.33391pt.

LaTeX Warning: `h' float specifier changed to `ht'.


Underfull \hbox (badness 10000) in paragraph at lines 84--86

 []

[4] [5<../resources/fourvariablemodel.png>](load luc: /Users/Noelle/Library/texlive/2018/texmf-var/luatex-cache/generic/fonts/otl/lmroman10-bold.luc)
Underfull \hbox (badness 10000) in paragraph at lines 100--102

 []


Underfull \hbox (badness 10000) in paragraph at lines 104--106

 []

[6]
Underfull \hbox (badness 10000) in paragraph at lines 112--114

 []


Underfull \hbox (badness 10000) in paragraph at lines 129--131

 []


Underfull \hbox (badness 10000) in paragraph at lines 133--135

 []

[7]
Underfull \hbox (badness 10000) in paragraph at lines 137--139

 []


Underfull \hbox (badness 10000) in paragraph at lines 141--142

 []


Underfull \hbox (badness 10000) in paragraph at lines 141--142

 []


Underfull \hbox (badness 10000) in paragraph at lines 144--151

 []


Underfull \hbox (badness 10000) in paragraph at lines 144--151

 []


Underfull \hbox (badness 10000) in paragraph at lines 154--157

 []


Underfull \hbox (badness 10000) in paragraph at lines 154--157

 []

[8]
Underfull \hbox (badness 10000) in paragraph at lines 172--175

 []


Underfull \hbox (badness 10000) in paragraph at lines 172--175

 []

<../resources/zenogedrag.png, id=45, 601.24625pt x 281.05pt>
File: ../resources/zenogedrag.png Graphic file (type png)
<use ../resources/zenogedrag.png>
Package luatex.def Info: ../resources/zenogedrag.png  used on input line 178.
(luatex.def)             Requested size: 300.62238pt x 140.52464pt.
[9]
<../resources/parallellecompositie.png, id=49, 871.255pt x 601.24625pt>
File: ../resources/parallellecompositie.png Graphic file (type png)
<use ../resources/parallellecompositie.png>
Package luatex.def Info: ../resources/parallellecompositie.png  used on input line 197.
(luatex.def)             Requested size: 348.49583pt x 240.49423pt.

Overfull \hbox (3.49583pt too wide) in paragraph at lines 197--198
 [][] 
 []


Underfull \hbox (badness 10000) in paragraph at lines 192--201

 []


Underfull \hbox (badness 10000) in paragraph at lines 192--201

 []


LaTeX Warning: `h' float specifier changed to `ht'.

[10<../resources/zenogedrag.png>] [11<../resources/parallellecompositie.png>]
Underfull \hbox (badness 10000) in paragraph at lines 209--211

 []


Underfull \hbox (badness 10000) in paragraph at lines 209--211

 []


Underfull \hbox (badness 10000) in paragraph at lines 223--228

 []


Underfull \hbox (badness 10000) in paragraph at lines 223--228

 []


Underfull \hbox (badness 10000) in paragraph at lines 223--228

 []


Underfull \hbox (badness 10000) in paragraph at lines 223--228

 []


Underfull \hbox (badness 10000) in paragraph at lines 223--228

 []


Underfull \hbox (badness 10000) in paragraph at lines 223--228

 []

[12

] [13]
Underfull \hbox (badness 10000) in paragraph at lines 249--251

 []


Underfull \hbox (badness 10000) in paragraph at lines 255--257

 []

<../resources/AG.png, id=65, 507.8975pt x 292.09125pt>
File: ../resources/AG.png Graphic file (type png)
<use ../resources/AG.png>
Package luatex.def Info: ../resources/AG.png  used on input line 265.
(luatex.def)             Requested size: 203.1554pt x 116.83441pt.
[14<../resources/AG.png>]
<../resources/EG.png, id=70, 505.89pt x 290.08376pt>
File: ../resources/EG.png Graphic file (type png)
<use ../resources/EG.png>
Package luatex.def Info: ../resources/EG.png  used on input line 277.
(luatex.def)             Requested size: 202.3524pt x 116.03143pt.
<../resources/AF.png, id=71, 488.82625pt x 289.08pt>
File: ../resources/AF.png Graphic file (type png)
<use ../resources/AF.png>
Package luatex.def Info: ../resources/AF.png  used on input line 290.
(luatex.def)             Requested size: 195.52702pt x 115.62994pt.
<../resources/EF.png, id=72, 483.8075pt x 289.08pt>
File: ../resources/EF.png Graphic file (type png)
<use ../resources/EF.png>
Package luatex.def Info: ../resources/EF.png  used on input line 304.
(luatex.def)             Requested size: 193.51956pt x 115.62994pt.


LaTeX Warning: `h' float specifier changed to `ht'.

[15<../resources/EG.png><../resources/AF.png>]
<../resources/AX.png, id=78, 495.8525pt x 288.07625pt>
File: ../resources/AX.png Graphic file (type png)
<use ../resources/AX.png>
Package luatex.def Info: ../resources/AX.png  used on input line 318.
(luatex.def)             Requested size: 198.33748pt x 115.22844pt.
<../resources/EX.png, id=79, 492.84125pt x 287.0725pt>
File: ../resources/EX.png Graphic file (type png)
<use ../resources/EX.png>
Package luatex.def Info: ../resources/EX.png  used on input line 332.
(luatex.def)             Requested size: 197.133pt x 114.82695pt.


LaTeX Warning: `h' float specifier changed to `ht'.

[16<../resources/EF.png><../resources/AX.png>]
<../resources/A(pUq).png, id=85, 514.92375pt x 311.1625pt>
File: ../resources/A(pUq).png Graphic file (type png)
<use ../resources/A(pUq).png>
Package luatex.def Info: ../resources/A(pUq).png  used on input line 351.
(luatex.def)             Requested size: 205.96585pt x 124.46278pt.
<../resources/E(pUq).png, id=86, 527.9725pt x 318.18875pt>
File: ../resources/E(pUq).png Graphic file (type png)
<use ../resources/E(pUq).png>
Package luatex.def Info: ../resources/E(pUq).png  used on input line 360.
(luatex.def)             Requested size: 211.18526pt x 127.27324pt.


LaTeX Warning: `h' float specifier changed to `ht'.

[17<../resources/EX.png><../resources/A(pUq).png>]
<../resources/A(pRq).png, id=92, 492.84125pt x 304.13625pt>
File: ../resources/A(pRq).png Graphic file (type png)
<use ../resources/A(pRq).png>
Package luatex.def Info: ../resources/A(pRq).png  used on input line 380.
(luatex.def)             Requested size: 197.133pt x 121.65233pt.
<../resources/E(pRq).png, id=93, 517.935pt x 307.1475pt>
File: ../resources/E(pRq).png Graphic file (type png)
<use ../resources/E(pRq).png>
Package luatex.def Info: ../resources/E(pRq).png  used on input line 390.
(luatex.def)             Requested size: 207.17032pt x 122.85681pt.


LaTeX Warning: `h' float specifier changed to `ht'.

[18<../resources/E(pUq).png><../resources/A(pRq).png>] [19<../resources/E(pRq).png>] (./verslag1_master.bbl) [20] (./verslag1_master.aux))

Here is how much of LuaTeX's memory you used:
 2809 strings out of 494413
 100000,184870 words of node,token memory allocated
 394 words of node memory still in use:
   3 hlist, 1 vlist, 1 rule, 5 glue, 4 attribute, 46 glue_spec, 4 attribute_list, 1 write nodes
   avail lists: 2:515,3:153,4:25,5:243,6:39,7:4192,8:13,9:256,10:14,11:423
 6688 multiletter control sequences out of 65536+600000
 43 fonts using 3156727 bytes
 41i,7n,26p,923b,234s stack positions out of 5000i,500n,10000p,200000b,100000s
</usr/local/texlive/2018/texmf-dist/fonts/opentype/public/lm/lmroman10-bold.otf></usr/local/texlive/2018/texmf-dist/fonts/opentype/public/lm/lmsans10-oblique.otf></usr/local/texlive/2018/texmf-dist/fonts/opentype/public/lm/lmroman10-regular.otf></usr/local/texlive/2018/texmf-dist/fonts/opentype/public/lm/lmsans10-regular.otf></usr/local/texlive/2018/texmf-dist/fonts/opentype/public/lm/lmroman12-bold.otf></usr/local/texlive/2018/texmf-dist/fonts/opentype/public/lm/lmsans10-bold.otf></usr/local/texlive/2018/texmf-dist/fonts/type1/public/amsfonts/cm/cmmi10.pfb></usr/local/texlive/2018/texmf-dist/fonts/type1/public/amsfonts/cm/cmmi7.pfb></usr/local/texlive/2018/texmf-dist/fonts/type1/public/amsfonts/cm/cmr10.pfb></usr/local/texlive/2018/texmf-dist/fonts/type1/public/amsfonts/cm/cmr7.pfb></usr/local/texlive/2018/texmf-dist/fonts/type1/public/amsfonts/cm/cmsy10.pfb></usr/local/texlive/2018/texmf-dist/fonts/type1/public/amsfonts/symbols/msam10.pfb>
Output written on verslag1_master.pdf (21 pages, 877294 bytes).

PDF statistics: 165 PDF objects out of 1000 (max. 8388607)
 89 compressed objects within 1 object stream
 0 named destinations out of 1000 (max. 131072)
 1 words of extra memory for PDF output out of 10000 (max. 100000000)

